05/04/2020 08:11:41 INICIANDO...
05/04/2020 08:11:41 2.2.0.1
05/04/2020 08:11:41 Usuário: rguer(Administrador)
05/04/2020 08:11:41 Versão do Sistema Operacional: 6.2.9200
05/04/2020 08:11:41 64 Bits: true
05/04/2020 08:11:41 Versão do Firefox. 75.0.0.7398 ( 75.0 )
05/04/2020 08:11:41 UAC: Ativado
05/04/2020 08:11:41 Verificando se Firefox está instalado...
05/04/2020 08:11:41 Firefox instalado, ajustando configurações necessárias...
05/04/2020 08:11:41 [Verificando Ambiente] Verificando...
05/04/2020 08:11:41 [Verificando Ambiente] Ativando Transport Layer Security (TLS)
05/04/2020 08:11:41 [Verificando Ambiente] Ok.
05/04/2020 08:11:41 [Arquivo hosts] Verificando...
05/04/2020 08:11:41 [Arquivo hosts] Ok.
05/04/2020 08:11:41 [Instalação de certificados raiz] Verificando...
05/04/2020 08:11:41 [Instalação de certificados raiz] Efetuando download do instalador...
05/04/2020 08:11:55 [Instalação de certificados raiz] Ocorreu um problema durante o download.
05/04/2020 08:11:55 [Terminal Services] Verificando...
05/04/2020 08:11:55 [Terminal Services] Ok.
05/04/2020 08:11:55 [Limpeza do cache IE] Verificando...
05/04/2020 08:11:55 [Limpeza do cache IE] Limpando...
05/04/2020 08:11:55 [Limpeza do cache IE] Ok.
05/04/2020 08:11:56 [Limpeza do cache MZ] Verificando...
05/04/2020 08:11:56 [Limpeza do cache MZ] Ok.
05/04/2020 08:11:56 [Instalando Módulo de Segurança] Verificando...
05/04/2020 08:11:56 [Instalando Módulo de Segurança] Efetuando download do instalador...
05/04/2020 08:12:02 [Instalando Módulo de Segurança] Instalando...
05/04/2020 08:12:17 [Instalando Módulo de Segurança] Ok.
05/04/2020 08:12:17 [Preparando Ambiente] Verificando...
05/04/2020 08:12:17 [Preparando Ambiente] Ok.
05/04/2020 08:12:17 [Configurações do Módulo de Segurança] Verificando...
05/04/2020 08:12:17 [Configurações do Módulo de Segurança] Ok.
05/04/2020 08:12:17 [Instalando configurações da CAIXA] Verificando...
05/04/2020 08:12:32 [Instalando configurações da CAIXA] Ok.
05/04/2020 08:12:32 [Instalando certificado do Warsaw no Firefox] Verificando...
05/04/2020 08:12:32 [Instalando certificado do Warsaw no Firefox] Instalando...
05/04/2020 08:12:34 [Instalando certificado do Warsaw no Firefox] Ok.
05/04/2020 08:12:34 [Ajustando ambiente] Verificando...
05/04/2020 08:12:34 [Ajustando ambiente] Ok.
05/04/2020 08:12:34 [Concluindo execucao] Verificando...
05/04/2020 08:12:37 [Concluindo execucao] CONCLUÍDO.
05/04/2020 08:12:37 Foram detectados problemas durante a execução do processo.
05/04/2020 08:12:37 CONCLUÍDO.
